<?xml version="1.0" encoding="UTF-8"?>
<!-- Generated by org.testng.reporters.JUnitXMLReporter -->
<testsuite hostname="prasad-siva" ignored="0" name="Test" tests="5" failures="0" timestamp="18 Jul 2020 14:42:29 GMT" time="230.134" errors="0">
  <testcase name="ShowRegistration" time="97.818" classname="com.project.Testngproject.RegistrationFormTest"/>
  <testcase name="LoginPageTest" time="13.756" classname="com.project.Testngproject.LoginForm"/>
  <testcase name="invalidLoginTest" time="10.492" classname="com.project.Testngproject.LoginForm"/>
  <testcase name="SearchbarCheck" time="12.374" classname="com.project.Testngproject.SearchCartAutomation"/>
  <testcase name="addCartAutomation" time="30.19" classname="com.project.Testngproject.SearchCartAutomation"/>
</testsuite> <!-- Test -->
